Build started 8/16/2017 9:48:47 PM.
     1>Project "D:\Project\2.Business Project\FINAL PRoject\Final\Checknewdata_add_150lines\HelloWorld\HelloWorld.vcxproj" on node 2 (Build target(s)).
     1>C:\Program Files (x86)\MSBuild\Microsoft.Cpp\v4.0\V120\Microsoft.CppBuild.targets(381,5): warning MSB8028: The intermediate directory (Debug\) contains files shared from another project (HelloWorld.vcxproj, OpenCv1_5_Full_v1.vcxproj, OpenCv1_5_Full_v2_Work on Horizoltal.vcxproj, OpenCv20_5_V1.vcxproj, OpenCv28_4.vcxproj, OpenCv28_4_Ver2.vcxproj, OpenCv31_5_Creat data.vcxproj, OpenCv31_5_Creat data_Check.vcxproj, OpenCv4_5_V2_Initial model.vcxproj, OpenCv4_5_V2.vcxproj, OpenCv5_5_V1.vcxproj, OpenCv7_5_V1.vcxproj).  This can lead to incorrect clean and rebuild behavior.
     1>ClCompile:
         C:\Program Files (x86)\Microsoft Visual Studio 12.0\VC\bin\CL.exe /c /IC:\opencv\build\include /ZI /nologo /W3 /WX- /sdl /Od /Oy- /D _CRT_SECURE_NO_WARNINGS /D WIN32 /D _DEBUG /D _CONSOLE /D _LIB /D _UNICODE /D UNICODE /Gm /EHsc /RTC1 /MDd /GS /fp:precise /Zc:wchar_t /Zc:forScope /Fo"Debug\\" /Fd"Debug\vc120.pdb" /Gd /TP /analyze- /errorReport:prompt Source.cpp
         Source.cpp
     1>c:\opencv\build\include\opencv2\core\mat.hpp(1965): warning C4819: The file contains a character that cannot be represented in the current code page (950). Save the file in Unicode format to prevent data loss
     1>c:\opencv\build\include\opencv2\core\persistence.hpp : warning C4819: The file contains a character that cannot be represented in the current code page (950). Save the file in Unicode format to prevent data loss
     1>c:\opencv\build\include\opencv2\core\utility.hpp : warning C4819: The file contains a character that cannot be represented in the current code page (950). Save the file in Unicode format to prevent data loss
     1>d:\project\2.business project\final project\final\checknewdata_add_150lines\helloworld\source.cpp(38): warning C4305: 'argument' : truncation from 'double' to 'float'
     1>d:\project\2.business project\final project\final\checknewdata_add_150lines\helloworld\source.cpp(39): warning C4305: 'argument' : truncation from 'double' to 'float'
     1>d:\project\2.business project\final project\final\checknewdata_add_150lines\helloworld\source.cpp(40): warning C4305: 'argument' : truncation from 'double' to 'float'
     1>d:\project\2.business project\final project\final\checknewdata_add_150lines\helloworld\source.cpp(45): warning C4305: 'argument' : truncation from 'double' to 'float'
     1>d:\project\2.business project\final project\final\checknewdata_add_150lines\helloworld\source.cpp(46): warning C4305: 'argument' : truncation from 'double' to 'float'
     1>d:\project\2.business project\final project\final\checknewdata_add_150lines\helloworld\source.cpp(47): warning C4305: 'argument' : truncation from 'double' to 'float'
     1>d:\project\2.business project\final project\final\checknewdata_add_150lines\helloworld\source.cpp(48): warning C4305: 'argument' : truncation from 'double' to 'float'
     1>d:\project\2.business project\final project\final\checknewdata_add_150lines\helloworld\source.cpp(143): warning C4553: '==' : operator has no effect; did you intend '='?
     1>d:\project\2.business project\final project\final\checknewdata_add_150lines\helloworld\source.cpp(144): warning C4551: function call missing argument list
     1>d:\project\2.business project\final project\final\checknewdata_add_150lines\helloworld\source.cpp(147): warning C4018: '<=' : signed/unsigned mismatch
     1>d:\project\2.business project\final project\final\checknewdata_add_150lines\helloworld\source.cpp(151): warning C4244: 'argument' : conversion from 'double' to 'unsigned int', possible loss of data
     1>d:\project\2.business project\final project\final\checknewdata_add_150lines\helloworld\source.cpp(156): warning C4244: 'argument' : conversion from 'double' to 'unsigned int', possible loss of data
     1>d:\project\2.business project\final project\final\checknewdata_add_150lines\helloworld\source.cpp(180): warning C4244: 'argument' : conversion from 'double' to 'unsigned int', possible loss of data
     1>d:\project\2.business project\final project\final\checknewdata_add_150lines\helloworld\source.cpp(181): warning C4244: 'argument' : conversion from 'double' to 'unsigned int', possible loss of data
     1>d:\project\2.business project\final project\final\checknewdata_add_150lines\helloworld\source.cpp(186): warning C4244: 'argument' : conversion from 'double' to 'unsigned int', possible loss of data
     1>d:\project\2.business project\final project\final\checknewdata_add_150lines\helloworld\source.cpp(158): warning C4101: 'predict_value' : unreferenced local variable
     1>d:\project\2.business project\final project\final\checknewdata_add_150lines\helloworld\source.cpp(208): warning C4018: '<=' : signed/unsigned mismatch
     1>d:\project\2.business project\final project\final\checknewdata_add_150lines\helloworld\source.cpp(213): warning C4244: 'argument' : conversion from 'double' to 'unsigned int', possible loss of data
     1>d:\project\2.business project\final project\final\checknewdata_add_150lines\helloworld\source.cpp(220): warning C4244: 'argument' : conversion from 'double' to 'unsigned int', possible loss of data
     1>d:\project\2.business project\final project\final\checknewdata_add_150lines\helloworld\source.cpp(245): warning C4244: 'argument' : conversion from 'double' to 'unsigned int', possible loss of data
     1>d:\project\2.business project\final project\final\checknewdata_add_150lines\helloworld\source.cpp(246): warning C4244: 'argument' : conversion from 'double' to 'unsigned int', possible loss of data
     1>d:\project\2.business project\final project\final\checknewdata_add_150lines\helloworld\source.cpp(251): warning C4244: 'argument' : conversion from 'double' to 'unsigned int', possible loss of data
     1>d:\project\2.business project\final project\final\checknewdata_add_150lines\helloworld\source.cpp(223): warning C4101: 'predict_value' : unreferenced local variable
     1>d:\project\2.business project\final project\final\checknewdata_add_150lines\helloworld\source.cpp(285): warning C4244: '=' : conversion from '__int64' to 'int', possible loss of data
     1>d:\project\2.business project\final project\final\checknewdata_add_150lines\helloworld\source.cpp(580): warning C4018: '<' : signed/unsigned mismatch
     1>d:\project\2.business project\final project\final\checknewdata_add_150lines\helloworld\source.cpp(582): warning C4018: '<' : signed/unsigned mismatch
     1>d:\project\2.business project\final project\final\checknewdata_add_150lines\helloworld\source.cpp(596): warning C4018: '<' : signed/unsigned mismatch
     1>d:\project\2.business project\final project\final\checknewdata_add_150lines\helloworld\source.cpp(598): warning C4018: '<' : signed/unsigned mismatch
     1>d:\project\2.business project\final project\final\checknewdata_add_150lines\helloworld\source.cpp(615): warning C4018: '<' : signed/unsigned mismatch
     1>d:\project\2.business project\final project\final\checknewdata_add_150lines\helloworld\source.cpp(622): warning C4018: '<' : signed/unsigned mismatch
     1>d:\project\2.business project\final project\final\checknewdata_add_150lines\helloworld\source.cpp(624): warning C4018: '<' : signed/unsigned mismatch
     1>d:\project\2.business project\final project\final\checknewdata_add_150lines\helloworld\source.cpp(626): warning C4018: '>' : signed/unsigned mismatch
     1>d:\project\2.business project\final project\final\checknewdata_add_150lines\helloworld\source.cpp(678): warning C4018: '<' : signed/unsigned mismatch
     1>d:\project\2.business project\final project\final\checknewdata_add_150lines\helloworld\source.cpp(682): warning C4018: '>' : signed/unsigned mismatch
     1>d:\project\2.business project\final project\final\checknewdata_add_150lines\helloworld\source.cpp(710): warning C4018: '<' : signed/unsigned mismatch
     1>d:\project\2.business project\final project\final\checknewdata_add_150lines\helloworld\source.cpp(717): warning C4018: '<' : signed/unsigned mismatch
     1>d:\project\2.business project\final project\final\checknewdata_add_150lines\helloworld\source.cpp(719): warning C4018: '<' : signed/unsigned mismatch
     1>d:\project\2.business project\final project\final\checknewdata_add_150lines\helloworld\source.cpp(721): warning C4018: '>' : signed/unsigned mismatch
     1>d:\project\2.business project\final project\final\checknewdata_add_150lines\helloworld\source.cpp(764): warning C4018: '<' : signed/unsigned mismatch
     1>d:\project\2.business project\final project\final\checknewdata_add_150lines\helloworld\source.cpp(768): warning C4018: '>' : signed/unsigned mismatch
     1>d:\project\2.business project\final project\final\checknewdata_add_150lines\helloworld\source.cpp(1013): warning C4018: '<' : signed/unsigned mismatch
     1>d:\project\2.business project\final project\final\checknewdata_add_150lines\helloworld\source.cpp(1046): warning C4018: '<' : signed/unsigned mismatch
     1>d:\project\2.business project\final project\final\checknewdata_add_150lines\helloworld\source.cpp(1060): warning C4018: '<' : signed/unsigned mismatch
     1>d:\project\2.business project\final project\final\checknewdata_add_150lines\helloworld\source.cpp(1087): warning C4018: '<' : signed/unsigned mismatch
     1>d:\project\2.business project\final project\final\checknewdata_add_150lines\helloworld\source.cpp(1239): warning C4018: '<' : signed/unsigned mismatch
     1>d:\project\2.business project\final project\final\checknewdata_add_150lines\helloworld\source.cpp(1266): warning C4018: '<' : signed/unsigned mismatch
     1>d:\project\2.business project\final project\final\checknewdata_add_150lines\helloworld\source.cpp(1280): warning C4018: '<' : signed/unsigned mismatch
     1>d:\project\2.business project\final project\final\checknewdata_add_150lines\helloworld\source.cpp(1297): warning C4018: '<' : signed/unsigned mismatch
     1>d:\project\2.business project\final project\final\checknewdata_add_150lines\helloworld\source.cpp(1319): warning C4018: '<' : signed/unsigned mismatch
     1>d:\project\2.business project\final project\final\checknewdata_add_150lines\helloworld\source.cpp(1324): warning C4018: '<' : signed/unsigned mismatch
     1>d:\project\2.business project\final project\final\checknewdata_add_150lines\helloworld\source.cpp(1338): warning C4018: '<' : signed/unsigned mismatch
     1>d:\project\2.business project\final project\final\checknewdata_add_150lines\helloworld\source.cpp(1341): warning C4018: '<' : signed/unsigned mismatch
     1>d:\project\2.business project\final project\final\checknewdata_add_150lines\helloworld\source.cpp(1343): warning C4554: '&' : check operator precedence for possible error; use parentheses to clarify precedence
     1>d:\project\2.business project\final project\final\checknewdata_add_150lines\helloworld\source.cpp(1348): warning C4244: 'argument' : conversion from 'double' to 'unsigned int', possible loss of data
     1>d:\project\2.business project\final project\final\checknewdata_add_150lines\helloworld\source.cpp(1350): warning C4244: 'argument' : conversion from 'double' to 'unsigned int', possible loss of data
     1>d:\project\2.business project\final project\final\checknewdata_add_150lines\helloworld\source.cpp(1384): warning C4018: '<' : signed/unsigned mismatch
     1>d:\project\2.business project\final project\final\checknewdata_add_150lines\helloworld\source.cpp(1609): warning C4018: '<' : signed/unsigned mismatch
     1>d:\project\2.business project\final project\final\checknewdata_add_150lines\helloworld\source.cpp(1642): warning C4018: '<' : signed/unsigned mismatch
     1>d:\project\2.business project\final project\final\checknewdata_add_150lines\helloworld\source.cpp(1656): warning C4018: '<' : signed/unsigned mismatch
     1>d:\project\2.business project\final project\final\checknewdata_add_150lines\helloworld\source.cpp(1683): warning C4018: '<' : signed/unsigned mismatch
     1>d:\project\2.business project\final project\final\checknewdata_add_150lines\helloworld\source.cpp(1835): warning C4018: '<' : signed/unsigned mismatch
     1>d:\project\2.business project\final project\final\checknewdata_add_150lines\helloworld\source.cpp(1862): warning C4018: '<' : signed/unsigned mismatch
     1>d:\project\2.business project\final project\final\checknewdata_add_150lines\helloworld\source.cpp(1876): warning C4018: '<' : signed/unsigned mismatch
     1>d:\project\2.business project\final project\final\checknewdata_add_150lines\helloworld\source.cpp(1893): warning C4018: '<' : signed/unsigned mismatch
     1>d:\project\2.business project\final project\final\checknewdata_add_150lines\helloworld\source.cpp(1922): warning C4018: '<' : signed/unsigned mismatch
     1>d:\project\2.business project\final project\final\checknewdata_add_150lines\helloworld\source.cpp(1927): warning C4018: '<' : signed/unsigned mismatch
     1>d:\project\2.business project\final project\final\checknewdata_add_150lines\helloworld\source.cpp(1942): warning C4018: '<' : signed/unsigned mismatch
     1>d:\project\2.business project\final project\final\checknewdata_add_150lines\helloworld\source.cpp(1945): warning C4018: '<' : signed/unsigned mismatch
     1>d:\project\2.business project\final project\final\checknewdata_add_150lines\helloworld\source.cpp(1947): warning C4554: '&' : check operator precedence for possible error; use parentheses to clarify precedence
     1>d:\project\2.business project\final project\final\checknewdata_add_150lines\helloworld\source.cpp(1952): warning C4244: 'argument' : conversion from 'double' to 'unsigned int', possible loss of data
     1>d:\project\2.business project\final project\final\checknewdata_add_150lines\helloworld\source.cpp(1954): warning C4244: 'argument' : conversion from 'double' to 'unsigned int', possible loss of data
     1>d:\project\2.business project\final project\final\checknewdata_add_150lines\helloworld\source.cpp(1989): warning C4129: ' ' : unrecognized character escape sequence
     1>d:\project\2.business project\final project\final\checknewdata_add_150lines\helloworld\source.cpp(1990): warning C4129: ' ' : unrecognized character escape sequence
       Link:
         C:\Program Files (x86)\Microsoft Visual Studio 12.0\VC\bin\link.exe /ERRORREPORT:PROMPT /OUT:"D:\Project\2.Business Project\FINAL PRoject\Final\Checknewdata_add_150lines\Debug\Checknewdata_add_150lines.exe" /INCREMENTAL /NOLOGO /LIBPATH:C:\opencv\build\x86\vc12\lib opencv_ts300d.lib opencv_world300d.lib kernel32.lib user32.lib gdi32.lib winspool.lib comdlg32.lib advapi32.lib shell32.lib ole32.lib oleaut32.lib uuid.lib odbc32.lib odbccp32.lib /MANIFEST /MANIFESTUAC:"level='asInvoker' uiAccess='false'" /manifest:embed /DEBUG /PDB:"D:\Project\2.Business Project\FINAL PRoject\Final\Checknewdata_add_150lines\Debug\Checknewdata_add_150lines.pdb" /SUBSYSTEM:CONSOLE /TLBID:1 /DYNAMICBASE /NXCOMPAT /IMPLIB:"D:\Project\2.Business Project\FINAL PRoject\Final\Checknewdata_add_150lines\Debug\Checknewdata_add_150lines.lib" /MACHINE:X86 Debug\Source.obj
         HelloWorld.vcxproj -> D:\Project\2.Business Project\FINAL PRoject\Final\Checknewdata_add_150lines\Debug\Checknewdata_add_150lines.exe
     1>Done Building Project "D:\Project\2.Business Project\FINAL PRoject\Final\Checknewdata_add_150lines\HelloWorld\HelloWorld.vcxproj" (Build target(s)).

Build succeeded.

Time Elapsed 00:00:01.36
